Copyright 1986-2021 Xilinx, Inc. All Rights Reserved.
-----------------------------------------------------------------------------------------------------------------------------------------------
| Tool Version : Vivado v.2021.1 (lin64) Build 3247384 Thu Jun 10 19:36:07 MDT 2021
| Date         : Thu Jan 12 16:11:08 2023
| Host         : desktop-1k5eij9.home running 64-bit Fedora release 36 (Thirty Six)
| Command      : report_methodology -file Top_methodology_drc_routed.rpt -pb Top_methodology_drc_routed.pb -rpx Top_methodology_drc_routed.rpx
| Design       : Top
| Device       : xc7a100tcsg324-1
| Speed File   : -1
| Design State : Fully Routed
-----------------------------------------------------------------------------------------------------------------------------------------------

Report Methodology

Table of Contents
-----------------
1. REPORT SUMMARY
2. REPORT DETAILS

1. REPORT SUMMARY
-----------------
            Netlist: netlist
          Floorplan: design_1
      Design limits: <entire design considered>
             Max violations: <unlimited>
             Violations found: 218
+-----------+------------------+--------------------------------------------+------------+
| Rule      | Severity         | Description                                | Violations |
+-----------+------------------+--------------------------------------------+------------+
| TIMING-17 | Critical Warning | Non-clocked sequential cell                | 99         |
| LUTAR-1   | Warning          | LUT drives async reset alert               | 1          |
| SYNTH-6   | Warning          | Timing of a RAM block might be sub-optimal | 20         |
| TIMING-16 | Warning          | Large setup violation                      | 27         |
| TIMING-18 | Warning          | Missing input or output delay              | 32         |
| TIMING-20 | Warning          | Non-clocked latch                          | 39         |
+-----------+------------------+--------------------------------------------+------------+

2. REPORT DETAILS
-----------------
TIMING-17#1 Critical Warning
Non-clocked sequential cell  
The clock pin iPmodjSTK/SPI_Ctrl/DOUT_reg[16]/C is not reached by a timing clock
Related violations: <none>

TIMING-17#2 Critical Warning
Non-clocked sequential cell  
The clock pin iPmodjSTK/SPI_Ctrl/DOUT_reg[17]/C is not reached by a timing clock
Related violations: <none>

TIMING-17#3 Critical Warning
Non-clocked sequential cell  
The clock pin iPmodjSTK/SPI_Ctrl/DOUT_reg[18]/C is not reached by a timing clock
Related violations: <none>

TIMING-17#4 Critical Warning
Non-clocked sequential cell  
The clock pin iPmodjSTK/SPI_Ctrl/DOUT_reg[19]/C is not reached by a timing clock
Related violations: <none>

TIMING-17#5 Critical Warning
Non-clocked sequential cell  
The clock pin iPmodjSTK/SPI_Ctrl/DOUT_reg[1]/C is not reached by a timing clock
Related violations: <none>

TIMING-17#6 Critical Warning
Non-clocked sequential cell  
The clock pin iPmodjSTK/SPI_Ctrl/DOUT_reg[20]/C is not reached by a timing clock
Related violations: <none>

TIMING-17#7 Critical Warning
Non-clocked sequential cell  
The clock pin iPmodjSTK/SPI_Ctrl/DOUT_reg[21]/C is not reached by a timing clock
Related violations: <none>

TIMING-17#8 Critical Warning
Non-clocked sequential cell  
The clock pin iPmodjSTK/SPI_Ctrl/DOUT_reg[22]/C is not reached by a timing clock
Related violations: <none>

TIMING-17#9 Critical Warning
Non-clocked sequential cell  
The clock pin iPmodjSTK/SPI_Ctrl/DOUT_reg[23]/C is not reached by a timing clock
Related violations: <none>

TIMING-17#10 Critical Warning
Non-clocked sequential cell  
The clock pin iPmodjSTK/SPI_Ctrl/DOUT_reg[24]/C is not reached by a timing clock
Related violations: <none>

TIMING-17#11 Critical Warning
Non-clocked sequential cell  
The clock pin iPmodjSTK/SPI_Ctrl/DOUT_reg[25]/C is not reached by a timing clock
Related violations: <none>

TIMING-17#12 Critical Warning
Non-clocked sequential cell  
The clock pin iPmodjSTK/SPI_Ctrl/DOUT_reg[2]/C is not reached by a timing clock
Related violations: <none>

TIMING-17#13 Critical Warning
Non-clocked sequential cell  
The clock pin iPmodjSTK/SPI_Ctrl/DOUT_reg[32]/C is not reached by a timing clock
Related violations: <none>

TIMING-17#14 Critical Warning
Non-clocked sequential cell  
The clock pin iPmodjSTK/SPI_Ctrl/DOUT_reg[33]/C is not reached by a timing clock
Related violations: <none>

TIMING-17#15 Critical Warning
Non-clocked sequential cell  
The clock pin iPmodjSTK/SPI_Ctrl/DOUT_reg[34]/C is not reached by a timing clock
Related violations: <none>

TIMING-17#16 Critical Warning
Non-clocked sequential cell  
The clock pin iPmodjSTK/SPI_Ctrl/DOUT_reg[35]/C is not reached by a timing clock
Related violations: <none>

TIMING-17#17 Critical Warning
Non-clocked sequential cell  
The clock pin iPmodjSTK/SPI_Ctrl/DOUT_reg[36]/C is not reached by a timing clock
Related violations: <none>

TIMING-17#18 Critical Warning
Non-clocked sequential cell  
The clock pin iPmodjSTK/SPI_Ctrl/DOUT_reg[37]/C is not reached by a timing clock
Related violations: <none>

TIMING-17#19 Critical Warning
Non-clocked sequential cell  
The clock pin iPmodjSTK/SPI_Ctrl/DOUT_reg[38]/C is not reached by a timing clock
Related violations: <none>

TIMING-17#20 Critical Warning
Non-clocked sequential cell  
The clock pin iPmodjSTK/SPI_Ctrl/DOUT_reg[39]/C is not reached by a timing clock
Related violations: <none>

TIMING-17#21 Critical Warning
Non-clocked sequential cell  
The clock pin iPmodjSTK/SPI_Ctrl/DOUT_reg[8]/C is not reached by a timing clock
Related violations: <none>

TIMING-17#22 Critical Warning
Non-clocked sequential cell  
The clock pin iPmodjSTK/SPI_Ctrl/DOUT_reg[9]/C is not reached by a timing clock
Related violations: <none>

TIMING-17#23 Critical Warning
Non-clocked sequential cell  
The clock pin iPmodjSTK/SPI_Ctrl/FSM_onehot_STATE_reg[0]/C is not reached by a timing clock
Related violations: <none>

TIMING-17#24 Critical Warning
Non-clocked sequential cell  
The clock pin iPmodjSTK/SPI_Ctrl/FSM_onehot_STATE_reg[1]/C is not reached by a timing clock
Related violations: <none>

TIMING-17#25 Critical Warning
Non-clocked sequential cell  
The clock pin iPmodjSTK/SPI_Ctrl/FSM_onehot_STATE_reg[2]/C is not reached by a timing clock
Related violations: <none>

TIMING-17#26 Critical Warning
Non-clocked sequential cell  
The clock pin iPmodjSTK/SPI_Ctrl/FSM_onehot_STATE_reg[3]/C is not reached by a timing clock
Related violations: <none>

TIMING-17#27 Critical Warning
Non-clocked sequential cell  
The clock pin iPmodjSTK/SPI_Ctrl/FSM_onehot_STATE_reg[4]/C is not reached by a timing clock
Related violations: <none>

TIMING-17#28 Critical Warning
Non-clocked sequential cell  
The clock pin iPmodjSTK/SPI_Ctrl/SS_reg/C is not reached by a timing clock
Related violations: <none>

TIMING-17#29 Critical Warning
Non-clocked sequential cell  
The clock pin iPmodjSTK/SPI_Ctrl/byteCnt_reg[0]/C is not reached by a timing clock
Related violations: <none>

TIMING-17#30 Critical Warning
Non-clocked sequential cell  
The clock pin iPmodjSTK/SPI_Ctrl/byteCnt_reg[1]/C is not reached by a timing clock
Related violations: <none>

TIMING-17#31 Critical Warning
Non-clocked sequential cell  
The clock pin iPmodjSTK/SPI_Ctrl/byteCnt_reg[2]/C is not reached by a timing clock
Related violations: <none>

TIMING-17#32 Critical Warning
Non-clocked sequential cell  
The clock pin iPmodjSTK/SPI_Ctrl/getByte_reg/C is not reached by a timing clock
Related violations: <none>

TIMING-17#33 Critical Warning
Non-clocked sequential cell  
The clock pin iPmodjSTK/SPI_Ctrl/sndData_reg[0]/C is not reached by a timing clock
Related violations: <none>

TIMING-17#34 Critical Warning
Non-clocked sequential cell  
The clock pin iPmodjSTK/SPI_Ctrl/sndData_reg[1]/C is not reached by a timing clock
Related violations: <none>

TIMING-17#35 Critical Warning
Non-clocked sequential cell  
The clock pin iPmodjSTK/SPI_Ctrl/sndData_reg[7]/C is not reached by a timing clock
Related violations: <none>

TIMING-17#36 Critical Warning
Non-clocked sequential cell  
The clock pin iPmodjSTK/SPI_Ctrl/tmpSR_reg[0]/C is not reached by a timing clock
Related violations: <none>

TIMING-17#37 Critical Warning
Non-clocked sequential cell  
The clock pin iPmodjSTK/SPI_Ctrl/tmpSR_reg[10]/C is not reached by a timing clock
Related violations: <none>

TIMING-17#38 Critical Warning
Non-clocked sequential cell  
The clock pin iPmodjSTK/SPI_Ctrl/tmpSR_reg[11]/C is not reached by a timing clock
Related violations: <none>

TIMING-17#39 Critical Warning
Non-clocked sequential cell  
The clock pin iPmodjSTK/SPI_Ctrl/tmpSR_reg[12]/C is not reached by a timing clock
Related violations: <none>

TIMING-17#40 Critical Warning
Non-clocked sequential cell  
The clock pin iPmodjSTK/SPI_Ctrl/tmpSR_reg[13]/C is not reached by a timing clock
Related violations: <none>

TIMING-17#41 Critical Warning
Non-clocked sequential cell  
The clock pin iPmodjSTK/SPI_Ctrl/tmpSR_reg[14]/C is not reached by a timing clock
Related violations: <none>

TIMING-17#42 Critical Warning
Non-clocked sequential cell  
The clock pin iPmodjSTK/SPI_Ctrl/tmpSR_reg[15]/C is not reached by a timing clock
Related violations: <none>

TIMING-17#43 Critical Warning
Non-clocked sequential cell  
The clock pin iPmodjSTK/SPI_Ctrl/tmpSR_reg[16]/C is not reached by a timing clock
Related violations: <none>

TIMING-17#44 Critical Warning
Non-clocked sequential cell  
The clock pin iPmodjSTK/SPI_Ctrl/tmpSR_reg[17]/C is not reached by a timing clock
Related violations: <none>

TIMING-17#45 Critical Warning
Non-clocked sequential cell  
The clock pin iPmodjSTK/SPI_Ctrl/tmpSR_reg[18]/C is not reached by a timing clock
Related violations: <none>

TIMING-17#46 Critical Warning
Non-clocked sequential cell  
The clock pin iPmodjSTK/SPI_Ctrl/tmpSR_reg[19]/C is not reached by a timing clock
Related violations: <none>

TIMING-17#47 Critical Warning
Non-clocked sequential cell  
The clock pin iPmodjSTK/SPI_Ctrl/tmpSR_reg[1]/C is not reached by a timing clock
Related violations: <none>

TIMING-17#48 Critical Warning
Non-clocked sequential cell  
The clock pin iPmodjSTK/SPI_Ctrl/tmpSR_reg[20]/C is not reached by a timing clock
Related violations: <none>

TIMING-17#49 Critical Warning
Non-clocked sequential cell  
The clock pin iPmodjSTK/SPI_Ctrl/tmpSR_reg[21]/C is not reached by a timing clock
Related violations: <none>

TIMING-17#50 Critical Warning
Non-clocked sequential cell  
The clock pin iPmodjSTK/SPI_Ctrl/tmpSR_reg[22]/C is not reached by a timing clock
Related violations: <none>

TIMING-17#51 Critical Warning
Non-clocked sequential cell  
The clock pin iPmodjSTK/SPI_Ctrl/tmpSR_reg[23]/C is not reached by a timing clock
Related violations: <none>

TIMING-17#52 Critical Warning
Non-clocked sequential cell  
The clock pin iPmodjSTK/SPI_Ctrl/tmpSR_reg[24]/C is not reached by a timing clock
Related violations: <none>

TIMING-17#53 Critical Warning
Non-clocked sequential cell  
The clock pin iPmodjSTK/SPI_Ctrl/tmpSR_reg[25]/C is not reached by a timing clock
Related violations: <none>

TIMING-17#54 Critical Warning
Non-clocked sequential cell  
The clock pin iPmodjSTK/SPI_Ctrl/tmpSR_reg[26]/C is not reached by a timing clock
Related violations: <none>

TIMING-17#55 Critical Warning
Non-clocked sequential cell  
The clock pin iPmodjSTK/SPI_Ctrl/tmpSR_reg[27]/C is not reached by a timing clock
Related violations: <none>

TIMING-17#56 Critical Warning
Non-clocked sequential cell  
The clock pin iPmodjSTK/SPI_Ctrl/tmpSR_reg[28]/C is not reached by a timing clock
Related violations: <none>

TIMING-17#57 Critical Warning
Non-clocked sequential cell  
The clock pin iPmodjSTK/SPI_Ctrl/tmpSR_reg[29]/C is not reached by a timing clock
Related violations: <none>

TIMING-17#58 Critical Warning
Non-clocked sequential cell  
The clock pin iPmodjSTK/SPI_Ctrl/tmpSR_reg[2]/C is not reached by a timing clock
Related violations: <none>

TIMING-17#59 Critical Warning
Non-clocked sequential cell  
The clock pin iPmodjSTK/SPI_Ctrl/tmpSR_reg[30]/C is not reached by a timing clock
Related violations: <none>

TIMING-17#60 Critical Warning
Non-clocked sequential cell  
The clock pin iPmodjSTK/SPI_Ctrl/tmpSR_reg[31]/C is not reached by a timing clock
Related violations: <none>

TIMING-17#61 Critical Warning
Non-clocked sequential cell  
The clock pin iPmodjSTK/SPI_Ctrl/tmpSR_reg[32]/C is not reached by a timing clock
Related violations: <none>

TIMING-17#62 Critical Warning
Non-clocked sequential cell  
The clock pin iPmodjSTK/SPI_Ctrl/tmpSR_reg[33]/C is not reached by a timing clock
Related violations: <none>

TIMING-17#63 Critical Warning
Non-clocked sequential cell  
The clock pin iPmodjSTK/SPI_Ctrl/tmpSR_reg[34]/C is not reached by a timing clock
Related violations: <none>

TIMING-17#64 Critical Warning
Non-clocked sequential cell  
The clock pin iPmodjSTK/SPI_Ctrl/tmpSR_reg[35]/C is not reached by a timing clock
Related violations: <none>

TIMING-17#65 Critical Warning
Non-clocked sequential cell  
The clock pin iPmodjSTK/SPI_Ctrl/tmpSR_reg[36]/C is not reached by a timing clock
Related violations: <none>

TIMING-17#66 Critical Warning
Non-clocked sequential cell  
The clock pin iPmodjSTK/SPI_Ctrl/tmpSR_reg[37]/C is not reached by a timing clock
Related violations: <none>

TIMING-17#67 Critical Warning
Non-clocked sequential cell  
The clock pin iPmodjSTK/SPI_Ctrl/tmpSR_reg[38]/C is not reached by a timing clock
Related violations: <none>

TIMING-17#68 Critical Warning
Non-clocked sequential cell  
The clock pin iPmodjSTK/SPI_Ctrl/tmpSR_reg[39]/C is not reached by a timing clock
Related violations: <none>

TIMING-17#69 Critical Warning
Non-clocked sequential cell  
The clock pin iPmodjSTK/SPI_Ctrl/tmpSR_reg[3]/C is not reached by a timing clock
Related violations: <none>

TIMING-17#70 Critical Warning
Non-clocked sequential cell  
The clock pin iPmodjSTK/SPI_Ctrl/tmpSR_reg[4]/C is not reached by a timing clock
Related violations: <none>

TIMING-17#71 Critical Warning
Non-clocked sequential cell  
The clock pin iPmodjSTK/SPI_Ctrl/tmpSR_reg[5]/C is not reached by a timing clock
Related violations: <none>

TIMING-17#72 Critical Warning
Non-clocked sequential cell  
The clock pin iPmodjSTK/SPI_Ctrl/tmpSR_reg[6]/C is not reached by a timing clock
Related violations: <none>

TIMING-17#73 Critical Warning
Non-clocked sequential cell  
The clock pin iPmodjSTK/SPI_Ctrl/tmpSR_reg[7]/C is not reached by a timing clock
Related violations: <none>

TIMING-17#74 Critical Warning
Non-clocked sequential cell  
The clock pin iPmodjSTK/SPI_Ctrl/tmpSR_reg[8]/C is not reached by a timing clock
Related violations: <none>

TIMING-17#75 Critical Warning
Non-clocked sequential cell  
The clock pin iPmodjSTK/SPI_Ctrl/tmpSR_reg[9]/C is not reached by a timing clock
Related violations: <none>

TIMING-17#76 Critical Warning
Non-clocked sequential cell  
The clock pin iPmodjSTK/SPI_Int/BUSY_reg/C is not reached by a timing clock
Related violations: <none>

TIMING-17#77 Critical Warning
Non-clocked sequential cell  
The clock pin iPmodjSTK/SPI_Int/CE_reg/C is not reached by a timing clock
Related violations: <none>

TIMING-17#78 Critical Warning
Non-clocked sequential cell  
The clock pin iPmodjSTK/SPI_Int/FSM_sequential_STATE_reg[0]/C is not reached by a timing clock
Related violations: <none>

TIMING-17#79 Critical Warning
Non-clocked sequential cell  
The clock pin iPmodjSTK/SPI_Int/FSM_sequential_STATE_reg[1]/C is not reached by a timing clock
Related violations: <none>

TIMING-17#80 Critical Warning
Non-clocked sequential cell  
The clock pin iPmodjSTK/SPI_Int/bitCount_reg[0]/C is not reached by a timing clock
Related violations: <none>

TIMING-17#81 Critical Warning
Non-clocked sequential cell  
The clock pin iPmodjSTK/SPI_Int/bitCount_reg[1]/C is not reached by a timing clock
Related violations: <none>

TIMING-17#82 Critical Warning
Non-clocked sequential cell  
The clock pin iPmodjSTK/SPI_Int/bitCount_reg[2]/C is not reached by a timing clock
Related violations: <none>

TIMING-17#83 Critical Warning
Non-clocked sequential cell  
The clock pin iPmodjSTK/SPI_Int/bitCount_reg[3]/C is not reached by a timing clock
Related violations: <none>

TIMING-17#84 Critical Warning
Non-clocked sequential cell  
The clock pin iPmodjSTK/SPI_Int/rSR_reg[0]/C is not reached by a timing clock
Related violations: <none>

TIMING-17#85 Critical Warning
Non-clocked sequential cell  
The clock pin iPmodjSTK/SPI_Int/rSR_reg[1]/C is not reached by a timing clock
Related violations: <none>

TIMING-17#86 Critical Warning
Non-clocked sequential cell  
The clock pin iPmodjSTK/SPI_Int/rSR_reg[2]/C is not reached by a timing clock
Related violations: <none>

TIMING-17#87 Critical Warning
Non-clocked sequential cell  
The clock pin iPmodjSTK/SPI_Int/rSR_reg[3]/C is not reached by a timing clock
Related violations: <none>

TIMING-17#88 Critical Warning
Non-clocked sequential cell  
The clock pin iPmodjSTK/SPI_Int/rSR_reg[4]/C is not reached by a timing clock
Related violations: <none>

TIMING-17#89 Critical Warning
Non-clocked sequential cell  
The clock pin iPmodjSTK/SPI_Int/rSR_reg[5]/C is not reached by a timing clock
Related violations: <none>

TIMING-17#90 Critical Warning
Non-clocked sequential cell  
The clock pin iPmodjSTK/SPI_Int/rSR_reg[6]/C is not reached by a timing clock
Related violations: <none>

TIMING-17#91 Critical Warning
Non-clocked sequential cell  
The clock pin iPmodjSTK/SPI_Int/rSR_reg[7]/C is not reached by a timing clock
Related violations: <none>

TIMING-17#92 Critical Warning
Non-clocked sequential cell  
The clock pin iPmodjSTK/SPI_Int/wSR_reg[0]/C is not reached by a timing clock
Related violations: <none>

TIMING-17#93 Critical Warning
Non-clocked sequential cell  
The clock pin iPmodjSTK/SPI_Int/wSR_reg[1]/C is not reached by a timing clock
Related violations: <none>

TIMING-17#94 Critical Warning
Non-clocked sequential cell  
The clock pin iPmodjSTK/SPI_Int/wSR_reg[2]/C is not reached by a timing clock
Related violations: <none>

TIMING-17#95 Critical Warning
Non-clocked sequential cell  
The clock pin iPmodjSTK/SPI_Int/wSR_reg[3]/C is not reached by a timing clock
Related violations: <none>

TIMING-17#96 Critical Warning
Non-clocked sequential cell  
The clock pin iPmodjSTK/SPI_Int/wSR_reg[4]/C is not reached by a timing clock
Related violations: <none>

TIMING-17#97 Critical Warning
Non-clocked sequential cell  
The clock pin iPmodjSTK/SPI_Int/wSR_reg[5]/C is not reached by a timing clock
Related violations: <none>

TIMING-17#98 Critical Warning
Non-clocked sequential cell  
The clock pin iPmodjSTK/SPI_Int/wSR_reg[6]/C is not reached by a timing clock
Related violations: <none>

TIMING-17#99 Critical Warning
Non-clocked sequential cell  
The clock pin iPmodjSTK/SPI_Int/wSR_reg[7]/C is not reached by a timing clock
Related violations: <none>

LUTAR-1#1 Warning
LUT drives async reset alert  
LUT cell igame_logic/enable_life/enable1_00_reg_i_2, with 2 or more inputs, drives asynchronous preset/clear pin(s) igame_logic/enable_life/enable1_00_reg/CLR,
igame_logic/enable_life/enable1_01_reg/CLR,
igame_logic/enable_life/enable1_10_reg/CLR,
igame_logic/enable_life/enable1_11_reg/CLR,
igame_logic/enable_life/enable2_00_reg/CLR,
igame_logic/enable_life/enable2_01_reg/CLR,
igame_logic/enable_life/enable2_10_reg/CLR
igame_logic/enable_life/enable2_11_reg/CLR. The LUT may glitch and trigger an unexpected reset, even if it is a properly timed path.
Related violations: <none>

SYNTH-6#1 Warning
Timing of a RAM block might be sub-optimal  
The timing for the instance idisplay_manager/idisplay_letter/irom_letters/DATA_OUT_reg_0, implemented as a RAM block, might be sub-optimal as no output register was merged into the block.
Related violations: <none>

SYNTH-6#2 Warning
Timing of a RAM block might be sub-optimal  
The timing for the instance idisplay_manager/idisplay_letter/irom_letters/DATA_OUT_reg_1, implemented as a RAM block, might be sub-optimal as no output register was merged into the block.
Related violations: <none>

SYNTH-6#3 Warning
Timing of a RAM block might be sub-optimal  
The timing for the instance idisplay_manager/idisplay_life/irom_life/DATA_OUT_reg, implemented as a RAM block, might be sub-optimal as no output register was merged into the block.
Related violations: <none>

SYNTH-6#4 Warning
Timing of a RAM block might be sub-optimal  
The timing for the instance idisplay_manager/idisplay_pokemon/irom/DATA_OUT_reg_1_0, implemented as a RAM block, might be sub-optimal as no output register was merged into the block.
Related violations: <none>

SYNTH-6#5 Warning
Timing of a RAM block might be sub-optimal  
The timing for the instance idisplay_manager/idisplay_pokemon/irom/DATA_OUT_reg_1_0__0, implemented as a RAM block, might be sub-optimal as no output register was merged into the block.
Related violations: <none>

SYNTH-6#6 Warning
Timing of a RAM block might be sub-optimal  
The timing for the instance idisplay_manager/idisplay_pokemon/irom/DATA_OUT_reg_1_1, implemented as a RAM block, might be sub-optimal as no output register was merged into the block.
Related violations: <none>

SYNTH-6#7 Warning
Timing of a RAM block might be sub-optimal  
The timing for the instance idisplay_manager/idisplay_pokemon/irom/DATA_OUT_reg_1_1__0, implemented as a RAM block, might be sub-optimal as no output register was merged into the block.
Related violations: <none>

SYNTH-6#8 Warning
Timing of a RAM block might be sub-optimal  
The timing for the instance idisplay_manager/idisplay_pokemon/irom/DATA_OUT_reg_1_2, implemented as a RAM block, might be sub-optimal as no output register was merged into the block.
Related violations: <none>

SYNTH-6#9 Warning
Timing of a RAM block might be sub-optimal  
The timing for the instance idisplay_manager/idisplay_pokemon/irom/DATA_OUT_reg_1_2__0, implemented as a RAM block, might be sub-optimal as no output register was merged into the block.
Related violations: <none>

SYNTH-6#10 Warning
Timing of a RAM block might be sub-optimal  
The timing for the instance idisplay_manager/idisplay_pokemon/irom/DATA_OUT_reg_1_3, implemented as a RAM block, might be sub-optimal as no output register was merged into the block.
Related violations: <none>

SYNTH-6#11 Warning
Timing of a RAM block might be sub-optimal  
The timing for the instance idisplay_manager/idisplay_pokemon/irom/DATA_OUT_reg_1_3__0, implemented as a RAM block, might be sub-optimal as no output register was merged into the block.
Related violations: <none>

SYNTH-6#12 Warning
Timing of a RAM block might be sub-optimal  
The timing for the instance idisplay_manager/idisplay_pokemon/irom/DATA_OUT_reg_1_4, implemented as a RAM block, might be sub-optimal as no output register was merged into the block.
Related violations: <none>

SYNTH-6#13 Warning
Timing of a RAM block might be sub-optimal  
The timing for the instance idisplay_manager/idisplay_pokemon/irom/DATA_OUT_reg_1_4__0, implemented as a RAM block, might be sub-optimal as no output register was merged into the block.
Related violations: <none>

SYNTH-6#14 Warning
Timing of a RAM block might be sub-optimal  
The timing for the instance idisplay_manager/idisplay_pokemon/irom/DATA_OUT_reg_1_5, implemented as a RAM block, might be sub-optimal as no output register was merged into the block.
Related violations: <none>

SYNTH-6#15 Warning
Timing of a RAM block might be sub-optimal  
The timing for the instance idisplay_manager/idisplay_pokemon/irom/DATA_OUT_reg_1_5__0, implemented as a RAM block, might be sub-optimal as no output register was merged into the block.
Related violations: <none>

SYNTH-6#16 Warning
Timing of a RAM block might be sub-optimal  
The timing for the instance idisplay_manager/idisplay_pokemon/irom/DATA_OUT_reg_1_6, implemented as a RAM block, might be sub-optimal as no output register was merged into the block.
Related violations: <none>

SYNTH-6#17 Warning
Timing of a RAM block might be sub-optimal  
The timing for the instance idisplay_manager/idisplay_pokemon/irom/DATA_OUT_reg_1_6__0, implemented as a RAM block, might be sub-optimal as no output register was merged into the block.
Related violations: <none>

SYNTH-6#18 Warning
Timing of a RAM block might be sub-optimal  
The timing for the instance idisplay_manager/idisplay_pokemon/irom/DATA_OUT_reg_1_7, implemented as a RAM block, might be sub-optimal as no output register was merged into the block.
Related violations: <none>

SYNTH-6#19 Warning
Timing of a RAM block might be sub-optimal  
The timing for the instance idisplay_manager/idisplay_pokemon/irom/DATA_OUT_reg_1_7__0, implemented as a RAM block, might be sub-optimal as no output register was merged into the block.
Related violations: <none>

SYNTH-6#20 Warning
Timing of a RAM block might be sub-optimal  
The timing for the instance idisplay_manager/idisplay_sentence/irom_sentences/data_out_reg, implemented as a RAM block, might be sub-optimal as no output register was merged into the block.
Related violations: <none>

TIMING-16#1 Warning
Large setup violation  
There is a large setup violation of -1.007 ns between idisplay_manager/idisplay_pokemon/irom/DATA_OUT_reg_0_7/CLKARDCLK (clocked by CLOCK) and bitmap/screen_reg_1_3/ADDRARDADDR[6] (clocked by CLOCK). Large setup violations at the end of those stages might be difficult to fix during the post-placement implementation flow and could be the result of non-optimal XDC constraints or non-optimal design architecture
Related violations: <none>

TIMING-16#2 Warning
Large setup violation  
There is a large setup violation of -1.032 ns between idisplay_manager/idisplay_pokemon/irom/DATA_OUT_reg_0_7/CLKARDCLK (clocked by CLOCK) and bitmap/screen_reg_0_6/ADDRARDADDR[12] (clocked by CLOCK). Large setup violations at the end of those stages might be difficult to fix during the post-placement implementation flow and could be the result of non-optimal XDC constraints or non-optimal design architecture
Related violations: <none>

TIMING-16#3 Warning
Large setup violation  
There is a large setup violation of -1.033 ns between idisplay_manager/idisplay_pokemon/irom/DATA_OUT_reg_0_7/CLKARDCLK (clocked by CLOCK) and bitmap/screen_reg_1_5/ADDRARDADDR[10] (clocked by CLOCK). Large setup violations at the end of those stages might be difficult to fix during the post-placement implementation flow and could be the result of non-optimal XDC constraints or non-optimal design architecture
Related violations: <none>

TIMING-16#4 Warning
Large setup violation  
There is a large setup violation of -1.066 ns between idisplay_manager/idisplay_pokemon/irom/DATA_OUT_reg_0_7/CLKARDCLK (clocked by CLOCK) and bitmap/screen_reg_1_0/ADDRARDADDR[7] (clocked by CLOCK). Large setup violations at the end of those stages might be difficult to fix during the post-placement implementation flow and could be the result of non-optimal XDC constraints or non-optimal design architecture
Related violations: <none>

TIMING-16#5 Warning
Large setup violation  
There is a large setup violation of -1.075 ns between idisplay_manager/idisplay_pokemon/irom/DATA_OUT_reg_0_2/CLKARDCLK (clocked by CLOCK) and bitmap/screen_reg_1_6/ADDRARDADDR[0] (clocked by CLOCK). Large setup violations at the end of those stages might be difficult to fix during the post-placement implementation flow and could be the result of non-optimal XDC constraints or non-optimal design architecture
Related violations: <none>

TIMING-16#6 Warning
Large setup violation  
There is a large setup violation of -1.086 ns between idisplay_manager/idisplay_pokemon/irom/DATA_OUT_reg_0_7/CLKARDCLK (clocked by CLOCK) and bitmap/screen_reg_0_6/ADDRARDADDR[6] (clocked by CLOCK). Large setup violations at the end of those stages might be difficult to fix during the post-placement implementation flow and could be the result of non-optimal XDC constraints or non-optimal design architecture
Related violations: <none>

TIMING-16#7 Warning
Large setup violation  
There is a large setup violation of -1.111 ns between idisplay_manager/idisplay_letter/irom_letters/DATA_OUT_reg_0/CLKARDCLK (clocked by CLOCK) and bitmap/screen_reg_1_0/ADDRARDADDR[2] (clocked by CLOCK). Large setup violations at the end of those stages might be difficult to fix during the post-placement implementation flow and could be the result of non-optimal XDC constraints or non-optimal design architecture
Related violations: <none>

TIMING-16#8 Warning
Large setup violation  
There is a large setup violation of -1.120 ns between idisplay_manager/idisplay_pokemon/irom/DATA_OUT_reg_0_7/CLKARDCLK (clocked by CLOCK) and bitmap/screen_reg_1_6/ADDRARDADDR[10] (clocked by CLOCK). Large setup violations at the end of those stages might be difficult to fix during the post-placement implementation flow and could be the result of non-optimal XDC constraints or non-optimal design architecture
Related violations: <none>

TIMING-16#9 Warning
Large setup violation  
There is a large setup violation of -1.170 ns between idisplay_manager/idisplay_pokemon/irom/DATA_OUT_reg_0_7/CLKARDCLK (clocked by CLOCK) and bitmap/screen_reg_1_6/ADDRARDADDR[12] (clocked by CLOCK). Large setup violations at the end of those stages might be difficult to fix during the post-placement implementation flow and could be the result of non-optimal XDC constraints or non-optimal design architecture
Related violations: <none>

TIMING-16#10 Warning
Large setup violation  
There is a large setup violation of -1.174 ns between idisplay_manager/idisplay_pokemon/irom/DATA_OUT_reg_0_7/CLKARDCLK (clocked by CLOCK) and bitmap/screen_reg_0_0/ADDRARDADDR[9] (clocked by CLOCK). Large setup violations at the end of those stages might be difficult to fix during the post-placement implementation flow and could be the result of non-optimal XDC constraints or non-optimal design architecture
Related violations: <none>

TIMING-16#11 Warning
Large setup violation  
There is a large setup violation of -1.182 ns between idisplay_manager/idisplay_pokemon/irom/DATA_OUT_reg_0_7/CLKARDCLK (clocked by CLOCK) and bitmap/screen_reg_1_0/ADDRARDADDR[9] (clocked by CLOCK). Large setup violations at the end of those stages might be difficult to fix during the post-placement implementation flow and could be the result of non-optimal XDC constraints or non-optimal design architecture
Related violations: <none>

TIMING-16#12 Warning
Large setup violation  
There is a large setup violation of -1.242 ns between idisplay_manager/idisplay_pokemon/irom/DATA_OUT_reg_0_7/CLKARDCLK (clocked by CLOCK) and bitmap/screen_reg_0_0/ADDRARDADDR[7] (clocked by CLOCK). Large setup violations at the end of those stages might be difficult to fix during the post-placement implementation flow and could be the result of non-optimal XDC constraints or non-optimal design architecture
Related violations: <none>

TIMING-16#13 Warning
Large setup violation  
There is a large setup violation of -1.248 ns between idisplay_manager/idisplay_letter/irom_letters/DATA_OUT_reg_0/CLKARDCLK (clocked by CLOCK) and bitmap/screen_reg_0_0/ADDRARDADDR[2] (clocked by CLOCK). Large setup violations at the end of those stages might be difficult to fix during the post-placement implementation flow and could be the result of non-optimal XDC constraints or non-optimal design architecture
Related violations: <none>

TIMING-16#14 Warning
Large setup violation  
There is a large setup violation of -1.252 ns between idisplay_manager/idisplay_pokemon/irom/DATA_OUT_reg_0_7/CLKARDCLK (clocked by CLOCK) and bitmap/screen_reg_1_0/ADDRARDADDR[3] (clocked by CLOCK). Large setup violations at the end of those stages might be difficult to fix during the post-placement implementation flow and could be the result of non-optimal XDC constraints or non-optimal design architecture
Related violations: <none>

TIMING-16#15 Warning
Large setup violation  
There is a large setup violation of -1.266 ns between idisplay_manager/idisplay_pokemon/irom/DATA_OUT_reg_0_7/CLKARDCLK (clocked by CLOCK) and bitmap/screen_reg_0_0/ADDRARDADDR[3] (clocked by CLOCK). Large setup violations at the end of those stages might be difficult to fix during the post-placement implementation flow and could be the result of non-optimal XDC constraints or non-optimal design architecture
Related violations: <none>

TIMING-16#16 Warning
Large setup violation  
There is a large setup violation of -1.294 ns between idisplay_manager/idisplay_pokemon/irom/DATA_OUT_reg_0_7/CLKARDCLK (clocked by CLOCK) and bitmap/screen_reg_1_6/ADDRARDADDR[6] (clocked by CLOCK). Large setup violations at the end of those stages might be difficult to fix during the post-placement implementation flow and could be the result of non-optimal XDC constraints or non-optimal design architecture
Related violations: <none>

TIMING-16#17 Warning
Large setup violation  
There is a large setup violation of -1.299 ns between idisplay_manager/idisplay_pokemon/irom/DATA_OUT_reg_0_7/CLKARDCLK (clocked by CLOCK) and bitmap/screen_reg_1_6/ADDRARDADDR[8] (clocked by CLOCK). Large setup violations at the end of those stages might be difficult to fix during the post-placement implementation flow and could be the result of non-optimal XDC constraints or non-optimal design architecture
Related violations: <none>

TIMING-16#18 Warning
Large setup violation  
There is a large setup violation of -1.351 ns between idisplay_manager/idisplay_letter/irom_letters/DATA_OUT_reg_0/CLKARDCLK (clocked by CLOCK) and bitmap/screen_reg_1_0/ADDRARDADDR[0] (clocked by CLOCK). Large setup violations at the end of those stages might be difficult to fix during the post-placement implementation flow and could be the result of non-optimal XDC constraints or non-optimal design architecture
Related violations: <none>

TIMING-16#19 Warning
Large setup violation  
There is a large setup violation of -1.362 ns between idisplay_manager/idisplay_letter/irom_letters/DATA_OUT_reg_0/CLKARDCLK (clocked by CLOCK) and bitmap/screen_reg_0_0/ADDRARDADDR[0] (clocked by CLOCK). Large setup violations at the end of those stages might be difficult to fix during the post-placement implementation flow and could be the result of non-optimal XDC constraints or non-optimal design architecture
Related violations: <none>

TIMING-16#20 Warning
Large setup violation  
There is a large setup violation of -1.364 ns between idisplay_manager/idisplay_pokemon/irom/DATA_OUT_reg_0_7/CLKARDCLK (clocked by CLOCK) and bitmap/screen_reg_1_0/ADDRARDADDR[6] (clocked by CLOCK). Large setup violations at the end of those stages might be difficult to fix during the post-placement implementation flow and could be the result of non-optimal XDC constraints or non-optimal design architecture
Related violations: <none>

TIMING-16#21 Warning
Large setup violation  
There is a large setup violation of -1.396 ns between idisplay_manager/idisplay_pokemon/irom/DATA_OUT_reg_0_7/CLKARDCLK (clocked by CLOCK) and bitmap/screen_reg_0_0/ADDRARDADDR[6] (clocked by CLOCK). Large setup violations at the end of those stages might be difficult to fix during the post-placement implementation flow and could be the result of non-optimal XDC constraints or non-optimal design architecture
Related violations: <none>

TIMING-16#22 Warning
Large setup violation  
There is a large setup violation of -1.426 ns between idisplay_manager/idisplay_pokemon/irom/DATA_OUT_reg_0_7/CLKARDCLK (clocked by CLOCK) and bitmap/screen_reg_1_0/ADDRARDADDR[12] (clocked by CLOCK). Large setup violations at the end of those stages might be difficult to fix during the post-placement implementation flow and could be the result of non-optimal XDC constraints or non-optimal design architecture
Related violations: <none>

TIMING-16#23 Warning
Large setup violation  
There is a large setup violation of -1.463 ns between idisplay_manager/idisplay_pokemon/irom/DATA_OUT_reg_0_7/CLKARDCLK (clocked by CLOCK) and bitmap/screen_reg_1_0/ADDRARDADDR[10] (clocked by CLOCK). Large setup violations at the end of those stages might be difficult to fix during the post-placement implementation flow and could be the result of non-optimal XDC constraints or non-optimal design architecture
Related violations: <none>

TIMING-16#24 Warning
Large setup violation  
There is a large setup violation of -1.507 ns between idisplay_manager/idisplay_pokemon/irom/DATA_OUT_reg_0_7/CLKARDCLK (clocked by CLOCK) and bitmap/screen_reg_0_0/ADDRARDADDR[12] (clocked by CLOCK). Large setup violations at the end of those stages might be difficult to fix during the post-placement implementation flow and could be the result of non-optimal XDC constraints or non-optimal design architecture
Related violations: <none>

TIMING-16#25 Warning
Large setup violation  
There is a large setup violation of -1.516 ns between idisplay_manager/idisplay_pokemon/irom/DATA_OUT_reg_0_7/CLKARDCLK (clocked by CLOCK) and bitmap/screen_reg_0_0/ADDRARDADDR[10] (clocked by CLOCK). Large setup violations at the end of those stages might be difficult to fix during the post-placement implementation flow and could be the result of non-optimal XDC constraints or non-optimal design architecture
Related violations: <none>

TIMING-16#26 Warning
Large setup violation  
There is a large setup violation of -1.524 ns between idisplay_manager/idisplay_pokemon/irom/DATA_OUT_reg_0_7/CLKARDCLK (clocked by CLOCK) and bitmap/screen_reg_1_0/ADDRARDADDR[8] (clocked by CLOCK). Large setup violations at the end of those stages might be difficult to fix during the post-placement implementation flow and could be the result of non-optimal XDC constraints or non-optimal design architecture
Related violations: <none>

TIMING-16#27 Warning
Large setup violation  
There is a large setup violation of -1.591 ns between idisplay_manager/idisplay_pokemon/irom/DATA_OUT_reg_0_7/CLKARDCLK (clocked by CLOCK) and bitmap/screen_reg_0_0/ADDRARDADDR[8] (clocked by CLOCK). Large setup violations at the end of those stages might be difficult to fix during the post-placement implementation flow and could be the result of non-optimal XDC constraints or non-optimal design architecture
Related violations: <none>

TIMING-18#1 Warning
Missing input or output delay  
An input delay is missing on rst relative to clock(s) CLOCK
Related violations: <none>

TIMING-18#2 Warning
Missing input or output delay  
An output delay is missing on SCLK relative to clock(s) CLOCK
Related violations: <none>

TIMING-18#3 Warning
Missing input or output delay  
An output delay is missing on VGA_blue[0] relative to clock(s) CLOCK
Related violations: <none>

TIMING-18#4 Warning
Missing input or output delay  
An output delay is missing on VGA_blue[1] relative to clock(s) CLOCK
Related violations: <none>

TIMING-18#5 Warning
Missing input or output delay  
An output delay is missing on VGA_blue[2] relative to clock(s) CLOCK
Related violations: <none>

TIMING-18#6 Warning
Missing input or output delay  
An output delay is missing on VGA_blue[3] relative to clock(s) CLOCK
Related violations: <none>

TIMING-18#7 Warning
Missing input or output delay  
An output delay is missing on VGA_green[0] relative to clock(s) CLOCK
Related violations: <none>

TIMING-18#8 Warning
Missing input or output delay  
An output delay is missing on VGA_green[1] relative to clock(s) CLOCK
Related violations: <none>

TIMING-18#9 Warning
Missing input or output delay  
An output delay is missing on VGA_green[2] relative to clock(s) CLOCK
Related violations: <none>

TIMING-18#10 Warning
Missing input or output delay  
An output delay is missing on VGA_green[3] relative to clock(s) CLOCK
Related violations: <none>

TIMING-18#11 Warning
Missing input or output delay  
An output delay is missing on VGA_hs relative to clock(s) CLOCK
Related violations: <none>

TIMING-18#12 Warning
Missing input or output delay  
An output delay is missing on VGA_red[0] relative to clock(s) CLOCK
Related violations: <none>

TIMING-18#13 Warning
Missing input or output delay  
An output delay is missing on VGA_red[1] relative to clock(s) CLOCK
Related violations: <none>

TIMING-18#14 Warning
Missing input or output delay  
An output delay is missing on VGA_red[2] relative to clock(s) CLOCK
Related violations: <none>

TIMING-18#15 Warning
Missing input or output delay  
An output delay is missing on VGA_red[3] relative to clock(s) CLOCK
Related violations: <none>

TIMING-18#16 Warning
Missing input or output delay  
An output delay is missing on VGA_vs relative to clock(s) CLOCK
Related violations: <none>

TIMING-18#17 Warning
Missing input or output delay  
An output delay is missing on led[0] relative to clock(s) CLOCK
Related violations: <none>

TIMING-18#18 Warning
Missing input or output delay  
An output delay is missing on led[10] relative to clock(s) CLOCK
Related violations: <none>

TIMING-18#19 Warning
Missing input or output delay  
An output delay is missing on led[11] relative to clock(s) CLOCK
Related violations: <none>

TIMING-18#20 Warning
Missing input or output delay  
An output delay is missing on led[12] relative to clock(s) CLOCK
Related violations: <none>

TIMING-18#21 Warning
Missing input or output delay  
An output delay is missing on led[13] relative to clock(s) CLOCK
Related violations: <none>

TIMING-18#22 Warning
Missing input or output delay  
An output delay is missing on led[14] relative to clock(s) CLOCK
Related violations: <none>

TIMING-18#23 Warning
Missing input or output delay  
An output delay is missing on led[15] relative to clock(s) CLOCK
Related violations: <none>

TIMING-18#24 Warning
Missing input or output delay  
An output delay is missing on led[1] relative to clock(s) CLOCK
Related violations: <none>

TIMING-18#25 Warning
Missing input or output delay  
An output delay is missing on led[2] relative to clock(s) CLOCK
Related violations: <none>

TIMING-18#26 Warning
Missing input or output delay  
An output delay is missing on led[3] relative to clock(s) CLOCK
Related violations: <none>

TIMING-18#27 Warning
Missing input or output delay  
An output delay is missing on led[4] relative to clock(s) CLOCK
Related violations: <none>

TIMING-18#28 Warning
Missing input or output delay  
An output delay is missing on led[5] relative to clock(s) CLOCK
Related violations: <none>

TIMING-18#29 Warning
Missing input or output delay  
An output delay is missing on led[6] relative to clock(s) CLOCK
Related violations: <none>

TIMING-18#30 Warning
Missing input or output delay  
An output delay is missing on led[7] relative to clock(s) CLOCK
Related violations: <none>

TIMING-18#31 Warning
Missing input or output delay  
An output delay is missing on led[8] relative to clock(s) CLOCK
Related violations: <none>

TIMING-18#32 Warning
Missing input or output delay  
An output delay is missing on led[9] relative to clock(s) CLOCK
Related violations: <none>

TIMING-20#1 Warning
Non-clocked latch  
The latch igame_logic/damage_calcul/damage_temp1_reg[0] cannot be properly analyzed as its control pin igame_logic/damage_calcul/damage_temp1_reg[0]/G is not reached by a timing clock
Related violations: <none>

TIMING-20#2 Warning
Non-clocked latch  
The latch igame_logic/damage_calcul/damage_temp1_reg[1] cannot be properly analyzed as its control pin igame_logic/damage_calcul/damage_temp1_reg[1]/G is not reached by a timing clock
Related violations: <none>

TIMING-20#3 Warning
Non-clocked latch  
The latch igame_logic/damage_calcul/damage_temp1_reg[2] cannot be properly analyzed as its control pin igame_logic/damage_calcul/damage_temp1_reg[2]/G is not reached by a timing clock
Related violations: <none>

TIMING-20#4 Warning
Non-clocked latch  
The latch igame_logic/damage_calcul/damage_temp1_reg[3] cannot be properly analyzed as its control pin igame_logic/damage_calcul/damage_temp1_reg[3]/G is not reached by a timing clock
Related violations: <none>

TIMING-20#5 Warning
Non-clocked latch  
The latch igame_logic/damage_calcul/damage_temp1_reg[4] cannot be properly analyzed as its control pin igame_logic/damage_calcul/damage_temp1_reg[4]/G is not reached by a timing clock
Related violations: <none>

TIMING-20#6 Warning
Non-clocked latch  
The latch igame_logic/damage_calcul/damage_temp1_reg[5] cannot be properly analyzed as its control pin igame_logic/damage_calcul/damage_temp1_reg[5]/G is not reached by a timing clock
Related violations: <none>

TIMING-20#7 Warning
Non-clocked latch  
The latch igame_logic/damage_calcul/damage_temp1_reg[6] cannot be properly analyzed as its control pin igame_logic/damage_calcul/damage_temp1_reg[6]/G is not reached by a timing clock
Related violations: <none>

TIMING-20#8 Warning
Non-clocked latch  
The latch igame_logic/damage_calcul/damage_temp2_reg[0] cannot be properly analyzed as its control pin igame_logic/damage_calcul/damage_temp2_reg[0]/G is not reached by a timing clock
Related violations: <none>

TIMING-20#9 Warning
Non-clocked latch  
The latch igame_logic/damage_calcul/damage_temp2_reg[1] cannot be properly analyzed as its control pin igame_logic/damage_calcul/damage_temp2_reg[1]/G is not reached by a timing clock
Related violations: <none>

TIMING-20#10 Warning
Non-clocked latch  
The latch igame_logic/damage_calcul/damage_temp2_reg[2] cannot be properly analyzed as its control pin igame_logic/damage_calcul/damage_temp2_reg[2]/G is not reached by a timing clock
Related violations: <none>

TIMING-20#11 Warning
Non-clocked latch  
The latch igame_logic/damage_calcul/damage_temp2_reg[3] cannot be properly analyzed as its control pin igame_logic/damage_calcul/damage_temp2_reg[3]/G is not reached by a timing clock
Related violations: <none>

TIMING-20#12 Warning
Non-clocked latch  
The latch igame_logic/damage_calcul/damage_temp2_reg[4] cannot be properly analyzed as its control pin igame_logic/damage_calcul/damage_temp2_reg[4]/G is not reached by a timing clock
Related violations: <none>

TIMING-20#13 Warning
Non-clocked latch  
The latch igame_logic/damage_calcul/damage_temp2_reg[5] cannot be properly analyzed as its control pin igame_logic/damage_calcul/damage_temp2_reg[5]/G is not reached by a timing clock
Related violations: <none>

TIMING-20#14 Warning
Non-clocked latch  
The latch igame_logic/damage_calcul/damage_temp2_reg[6] cannot be properly analyzed as its control pin igame_logic/damage_calcul/damage_temp2_reg[6]/G is not reached by a timing clock
Related violations: <none>

TIMING-20#15 Warning
Non-clocked latch  
The latch igame_logic/damage_calcul/damage_temp3_reg[0] cannot be properly analyzed as its control pin igame_logic/damage_calcul/damage_temp3_reg[0]/G is not reached by a timing clock
Related violations: <none>

TIMING-20#16 Warning
Non-clocked latch  
The latch igame_logic/damage_calcul/damage_temp3_reg[1] cannot be properly analyzed as its control pin igame_logic/damage_calcul/damage_temp3_reg[1]/G is not reached by a timing clock
Related violations: <none>

TIMING-20#17 Warning
Non-clocked latch  
The latch igame_logic/damage_calcul/damage_temp3_reg[2] cannot be properly analyzed as its control pin igame_logic/damage_calcul/damage_temp3_reg[2]/G is not reached by a timing clock
Related violations: <none>

TIMING-20#18 Warning
Non-clocked latch  
The latch igame_logic/damage_calcul/damage_temp3_reg[3] cannot be properly analyzed as its control pin igame_logic/damage_calcul/damage_temp3_reg[3]/G is not reached by a timing clock
Related violations: <none>

TIMING-20#19 Warning
Non-clocked latch  
The latch igame_logic/damage_calcul/damage_temp3_reg[4] cannot be properly analyzed as its control pin igame_logic/damage_calcul/damage_temp3_reg[4]/G is not reached by a timing clock
Related violations: <none>

TIMING-20#20 Warning
Non-clocked latch  
The latch igame_logic/damage_calcul/damage_temp3_reg[5] cannot be properly analyzed as its control pin igame_logic/damage_calcul/damage_temp3_reg[5]/G is not reached by a timing clock
Related violations: <none>

TIMING-20#21 Warning
Non-clocked latch  
The latch igame_logic/damage_calcul/damage_temp3_reg[6] cannot be properly analyzed as its control pin igame_logic/damage_calcul/damage_temp3_reg[6]/G is not reached by a timing clock
Related violations: <none>

TIMING-20#22 Warning
Non-clocked latch  
The latch igame_logic/enable_life/enable1_00_reg cannot be properly analyzed as its control pin igame_logic/enable_life/enable1_00_reg/G is not reached by a timing clock
Related violations: <none>

TIMING-20#23 Warning
Non-clocked latch  
The latch igame_logic/enable_life/enable1_01_reg cannot be properly analyzed as its control pin igame_logic/enable_life/enable1_01_reg/G is not reached by a timing clock
Related violations: <none>

TIMING-20#24 Warning
Non-clocked latch  
The latch igame_logic/enable_life/enable1_10_reg cannot be properly analyzed as its control pin igame_logic/enable_life/enable1_10_reg/G is not reached by a timing clock
Related violations: <none>

TIMING-20#25 Warning
Non-clocked latch  
The latch igame_logic/enable_life/enable1_11_reg cannot be properly analyzed as its control pin igame_logic/enable_life/enable1_11_reg/G is not reached by a timing clock
Related violations: <none>

TIMING-20#26 Warning
Non-clocked latch  
The latch igame_logic/enable_life/enable2_00_reg cannot be properly analyzed as its control pin igame_logic/enable_life/enable2_00_reg/G is not reached by a timing clock
Related violations: <none>

TIMING-20#27 Warning
Non-clocked latch  
The latch igame_logic/enable_life/enable2_01_reg cannot be properly analyzed as its control pin igame_logic/enable_life/enable2_01_reg/G is not reached by a timing clock
Related violations: <none>

TIMING-20#28 Warning
Non-clocked latch  
The latch igame_logic/enable_life/enable2_10_reg cannot be properly analyzed as its control pin igame_logic/enable_life/enable2_10_reg/G is not reached by a timing clock
Related violations: <none>

TIMING-20#29 Warning
Non-clocked latch  
The latch igame_logic/enable_life/enable2_11_reg cannot be properly analyzed as its control pin igame_logic/enable_life/enable2_11_reg/G is not reached by a timing clock
Related violations: <none>

TIMING-20#30 Warning
Non-clocked latch  
The latch igame_logic/fsm/atk_reg[0] cannot be properly analyzed as its control pin igame_logic/fsm/atk_reg[0]/G is not reached by a timing clock
Related violations: <none>

TIMING-20#31 Warning
Non-clocked latch  
The latch igame_logic/fsm/atk_reg[1] cannot be properly analyzed as its control pin igame_logic/fsm/atk_reg[1]/G is not reached by a timing clock
Related violations: <none>

TIMING-20#32 Warning
Non-clocked latch  
The latch igame_logic/fsm/enable_reg cannot be properly analyzed as its control pin igame_logic/fsm/enable_reg/G is not reached by a timing clock
Related violations: <none>

TIMING-20#33 Warning
Non-clocked latch  
The latch igame_logic/fsm/newturn_reg cannot be properly analyzed as its control pin igame_logic/fsm/newturn_reg/G is not reached by a timing clock
Related violations: <none>

TIMING-20#34 Warning
Non-clocked latch  
The latch igame_logic/fsm/player_id_reg cannot be properly analyzed as its control pin igame_logic/fsm/player_id_reg/G is not reached by a timing clock
Related violations: <none>

TIMING-20#35 Warning
Non-clocked latch  
The latch igame_logic/fsm/poke1_reg[0] cannot be properly analyzed as its control pin igame_logic/fsm/poke1_reg[0]/G is not reached by a timing clock
Related violations: <none>

TIMING-20#36 Warning
Non-clocked latch  
The latch igame_logic/fsm/poke1_reg[1] cannot be properly analyzed as its control pin igame_logic/fsm/poke1_reg[1]/G is not reached by a timing clock
Related violations: <none>

TIMING-20#37 Warning
Non-clocked latch  
The latch igame_logic/fsm/poke2_reg[0] cannot be properly analyzed as its control pin igame_logic/fsm/poke2_reg[0]/G is not reached by a timing clock
Related violations: <none>

TIMING-20#38 Warning
Non-clocked latch  
The latch igame_logic/fsm/poke2_reg[1] cannot be properly analyzed as its control pin igame_logic/fsm/poke2_reg[1]/G is not reached by a timing clock
Related violations: <none>

TIMING-20#39 Warning
Non-clocked latch  
The latch igame_logic/stat_table/stab2_reg cannot be properly analyzed as its control pin igame_logic/stat_table/stab2_reg/G is not reached by a timing clock
Related violations: <none>


