INFO: [VRFC 10-163] Analyzing VHDL file "/home/mletemple/Documents/Cours/pokemon_silicium/src_vivado/pokemon_silicium.sim/sim_1/synth/func/xsim/game_logic_top_tb_func_synth.vhd" into library xil_defaultlib
INFO: [VRFC 10-3107] analyzing entity 'ClkDiv'
INFO: [VRFC 10-3107] analyzing entity 'ClkDiv_66_67kHz'
INFO: [VRFC 10-3107] analyzing entity 'ROM_sentences'
INFO: [VRFC 10-3107] analyzing entity 'VGA_bitmap_256x160'
INFO: [VRFC 10-3107] analyzing entity 'clock_enable'
INFO: [VRFC 10-3107] analyzing entity 'gest_display'
INFO: [VRFC 10-3107] analyzing entity 'rom_arenas'
INFO: [VRFC 10-3107] analyzing entity 'rom_letters'
INFO: [VRFC 10-3107] analyzing entity 'rom_life'
INFO: [VRFC 10-3107] analyzing entity 'rom_pokemons'
INFO: [VRFC 10-3107] analyzing entity 'spiCtrl'
INFO: [VRFC 10-3107] analyzing entity 'spiMode0'
INFO: [VRFC 10-3107] analyzing entity 'PmodJSTK'
INFO: [VRFC 10-3107] analyzing entity 'display_arena'
INFO: [VRFC 10-3107] analyzing entity 'display_letter'
INFO: [VRFC 10-3107] analyzing entity 'display_life'
INFO: [VRFC 10-3107] analyzing entity 'display_pokemon'
INFO: [VRFC 10-3107] analyzing entity 'display_sentence'
INFO: [VRFC 10-3107] analyzing entity 'display_manager'
INFO: [VRFC 10-3107] analyzing entity 'Top'
INFO: [VRFC 10-163] Analyzing VHDL file "/home/mletemple/Documents/Cours/pokemon_silicium/src_vivado/sources/design/game/FSM_menu.vhd" into library xil_defaultlib
INFO: [VRFC 10-3107] analyzing entity 'fsm_menu'
INFO: [VRFC 10-163] Analyzing VHDL file "/home/mletemple/Documents/Cours/pokemon_silicium/src_vivado/sources/design/game/Input2Position.vhd" into library xil_defaultlib
INFO: [VRFC 10-3107] analyzing entity 'Input2Position'
INFO: [VRFC 10-163] Analyzing VHDL file "/home/mletemple/Documents/Cours/pokemon_silicium/src_vivado/sources/design/game/Stats_Types.vhd" into library xil_defaultlib
INFO: [VRFC 10-3107] analyzing entity 'Stats_Types'
INFO: [VRFC 10-163] Analyzing VHDL file "/home/mletemple/Documents/Cours/pokemon_silicium/src_vivado/sources/design/game/damage_calculator.vhd" into library xil_defaultlib
INFO: [VRFC 10-3107] analyzing entity 'damage_calculator'
INFO: [VRFC 10-163] Analyzing VHDL file "/home/mletemple/Documents/Cours/pokemon_silicium/src_vivado/sources/design/game/efficiency_test.vhd" into library xil_defaultlib
INFO: [VRFC 10-3107] analyzing entity 'efficiency_test'
INFO: [VRFC 10-163] Analyzing VHDL file "/home/mletemple/Documents/Cours/pokemon_silicium/src_vivado/sources/design/game/game_logic_top.vhd" into library xil_defaultlib
INFO: [VRFC 10-3107] analyzing entity 'game_logic_top'
INFO: [VRFC 10-163] Analyzing VHDL file "/home/mletemple/Documents/Cours/pokemon_silicium/src_vivado/sources/design/game/life_enabler.vhd" into library xil_defaultlib
INFO: [VRFC 10-3107] analyzing entity 'life_enabler'
INFO: [VRFC 10-163] Analyzing VHDL file "/home/mletemple/Documents/Cours/pokemon_silicium/src_vivado/sources/design/game/life_register.vhd" into library xil_defaultlib
INFO: [VRFC 10-3107] analyzing entity 'life_register'
INFO: [VRFC 10-163] Analyzing VHDL file "/home/mletemple/Documents/Cours/pokemon_silicium/src_vivado/sources/design/game/life_selector.vhd" into library xil_defaultlib
INFO: [VRFC 10-3107] analyzing entity 'life_selector'
INFO: [VRFC 10-163] Analyzing VHDL file "/home/mletemple/Documents/Cours/pokemon_silicium/src_vivado/sources/design/game/one_dead_tester.vhd" into library xil_defaultlib
INFO: [VRFC 10-3107] analyzing entity 'one_dead_tester'
INFO: [VRFC 10-163] Analyzing VHDL file "/home/mletemple/Documents/Cours/pokemon_silicium/src_vivado/sources/design/game/type_table.vhd" into library xil_defaultlib
INFO: [VRFC 10-3107] analyzing entity 'type_table'
INFO: [VRFC 10-163] Analyzing VHDL file "/home/mletemple/Documents/Cours/pokemon_silicium/src_vivado/sources/sim/tb_game_logic.vhd" into library xil_defaultlib
INFO: [VRFC 10-3107] analyzing entity 'game_logic_top_tb'
